# JRE version: OpenJDK Runtime Environment (17.0.6) (build 17.0.6+0-b2043.56-9586694)
# Java VM: OpenJDK 64-Bit Server VM (17.0.6+0-b2043.56-9586694, mixed mode, tiered, compressed oops, compressed class ptrs, g1 gc, windows-amd64)
GC Precious Log:
 CPUs: 4 total, 4 available
 Memory: 16281M
 Large Page Support: Disabled
 NUMA Support: Disabled
 Compressed Oops: Enabled (32-bit)
 Heap Region Size: 1M
 Heap Min Capacity: 8M
 Heap Initial Capacity: 256M
 Heap Max Capacity: 2G
 Pre-touch: Disabled
 Parallel Workers: 4
 Concurrent Workers: 1
 Concurrent Refinement Workers: 4
 Periodic GC: Disabled
Heap:
 garbage-first heap   total 433152K, used 280217K [0x0000000080000000, 0x0000000100000000)
  region size 1024K, 39 young (39936K), 3 survivors (3072K)
 Metaspace       used 122192K, committed 123008K, reserved 1163264K
  class space    used 16365K, committed 16768K, reserved 1048576K
GC Heap History (20 events):
Event: 24.863 GC heap before
{Heap before GC invocations=31 (full 0):
 garbage-first heap   total 245760K, used 195525K [0x0000000080000000, 0x0000000100000000)
  region size 1024K, 56 young (57344K), 2 survivors (2048K)
 Metaspace       used 105414K, committed 106112K, reserved 1146880K
  class space    used 14050K, committed 14400K, reserved 1048576K
}
Event: 24.875 GC heap after
{Heap after GC invocations=32 (full 0):
 garbage-first heap   total 245760K, used 140563K [0x0000000080000000, 0x0000000100000000)
  region size 1024K, 3 young (3072K), 3 survivors (3072K)
 Metaspace       used 105414K, committed 106112K, reserved 1146880K
  class space    used 14050K, committed 14400K, reserved 1048576K
}
Event: 26.686 GC heap before
{Heap before GC invocations=33 (full 0):
 garbage-first heap   total 245760K, used 174355K [0x0000000080000000, 0x0000000100000000)
  region size 1024K, 59 young (60416K), 3 survivors (3072K)
 Metaspace       used 107631K, committed 108352K, reserved 1146880K
  class space    used 14271K, committed 14592K, reserved 1048576K
}
Event: 26.695 GC heap after
{Heap after GC invocations=34 (full 0):
 garbage-first heap   total 245760K, used 119786K [0x0000000080000000, 0x0000000100000000)
  region size 1024K, 4 young (4096K), 4 survivors (4096K)
 Metaspace       used 107631K, committed 108352K, reserved 1146880K
  class space    used 14271K, committed 14592K, reserved 1048576K
}
Event: 26.825 GC heap before
{Heap before GC invocations=34 (full 0):
 garbage-first heap   total 245760K, used 127978K [0x0000000080000000, 0x0000000100000000)
  region size 1024K, 12 young (12288K), 4 survivors (4096K)
 Metaspace       used 108062K, committed 108800K, reserved 1146880K
  class space    used 14318K, committed 14656K, reserved 1048576K
}
Event: 26.835 GC heap after
{Heap after GC invocations=35 (full 0):
 garbage-first heap   total 245760K, used 113886K [0x0000000080000000, 0x0000000100000000)
  region size 1024K, 1 young (1024K), 1 survivors (1024K)
 Metaspace       used 108062K, committed 108800K, reserved 1146880K
  class space    used 14318K, committed 14656K, reserved 1048576K
}
Event: 28.495 GC heap before
{Heap before GC invocations=35 (full 0):
 garbage-first heap   total 245760K, used 192734K [0x0000000080000000, 0x0000000100000000)
  region size 1024K, 79 young (80896K), 1 survivors (1024K)
 Metaspace       used 110134K, committed 110848K, reserved 1146880K
  class space    used 14573K, committed 14912K, reserved 1048576K
}
Event: 28.515 GC heap after
{Heap after GC invocations=36 (full 0):
 garbage-first heap   total 433152K, used 120648K [0x0000000080000000, 0x0000000100000000)
  region size 1024K, 8 young (8192K), 8 survivors (8192K)
 Metaspace       used 110134K, committed 110848K, reserved 1146880K
  class space    used 14573K, committed 14912K, reserved 1048576K
}
Event: 32.904 GC heap before
{Heap before GC invocations=37 (full 0):
 garbage-first heap   total 423936K, used 347976K [0x0000000080000000, 0x0000000100000000)
  region size 1024K, 192 young (196608K), 8 survivors (8192K)
 Metaspace       used 117096K, committed 117888K, reserved 1155072K
  class space    used 15679K, committed 16064K, reserved 1048576K
}
Event: 33.004 GC heap after
{Heap after GC invocations=38 (full 0):
 garbage-first heap   total 423936K, used 197586K [0x0000000080000000, 0x0000000100000000)
  region size 1024K, 24 young (24576K), 24 survivors (24576K)
 Metaspace       used 117096K, committed 117888K, reserved 1155072K
  class space    used 15679K, committed 16064K, reserved 1048576K
}
Event: 33.040 GC heap before
{Heap before GC invocations=38 (full 0):
 garbage-first heap   total 423936K, used 198610K [0x0000000080000000, 0x0000000100000000)
  region size 1024K, 25 young (25600K), 24 survivors (24576K)
 Metaspace       used 117096K, committed 117888K, reserved 1155072K
  class space    used 15679K, committed 16064K, reserved 1048576K
}
Event: 33.101 GC heap after
{Heap after GC invocations=39 (full 0):
 garbage-first heap   total 423936K, used 196828K [0x0000000080000000, 0x0000000100000000)
  region size 1024K, 2 young (2048K), 2 survivors (2048K)
 Metaspace       used 117096K, committed 117888K, reserved 1155072K
  class space    used 15679K, committed 16064K, reserved 1048576K
}
Event: 35.274 GC heap before
{Heap before GC invocations=39 (full 0):
 garbage-first heap   total 423936K, used 307420K [0x0000000080000000, 0x0000000100000000)
  region size 1024K, 111 young (113664K), 2 survivors (2048K)
 Metaspace       used 121110K, committed 121984K, reserved 1155072K
  class space    used 16248K, committed 16704K, reserved 1048576K
}
Event: 35.311 GC heap after
{Heap after GC invocations=40 (full 0):
 garbage-first heap   total 423936K, used 221916K [0x0000000080000000, 0x0000000100000000)
  region size 1024K, 14 young (14336K), 14 survivors (14336K)
 Metaspace       used 121110K, committed 121984K, reserved 1155072K
  class space    used 16248K, committed 16704K, reserved 1048576K
}
Event: 38.603 GC heap before
{Heap before GC invocations=41 (full 0):
 garbage-first heap   total 423936K, used 329436K [0x0000000080000000, 0x0000000100000000)
  region size 1024K, 109 young (111616K), 14 survivors (14336K)
 Metaspace       used 121947K, committed 122752K, reserved 1155072K
  class space    used 16349K, committed 16768K, reserved 1048576K
}
Event: 38.636 GC heap after
{Heap after GC invocations=42 (full 0):
 garbage-first heap   total 423936K, used 239580K [0x0000000080000000, 0x0000000100000000)
  region size 1024K, 9 young (9216K), 9 survivors (9216K)
 Metaspace       used 121947K, committed 122752K, reserved 1155072K
  class space    used 16349K, committed 16768K, reserved 1048576K
}
Event: 38.747 GC heap before
{Heap before GC invocations=42 (full 0):
 garbage-first heap   total 423936K, used 250844K [0x0000000080000000, 0x0000000100000000)
  region size 1024K, 20 young (20480K), 9 survivors (9216K)
 Metaspace       used 122038K, committed 122816K, reserved 1163264K
  class space    used 16359K, committed 16768K, reserved 1048576K
}
Event: 38.776 GC heap after
{Heap after GC invocations=43 (full 0):
 garbage-first heap   total 423936K, used 237532K [0x0000000080000000, 0x0000000100000000)
  region size 1024K, 3 young (3072K), 3 survivors (3072K)
 Metaspace       used 122038K, committed 122816K, reserved 1163264K
  class space    used 16359K, committed 16768K, reserved 1048576K
}
Event: 39.078 GC heap before
{Heap before GC invocations=43 (full 0):
 garbage-first heap   total 423936K, used 270300K [0x0000000080000000, 0x0000000100000000)
  region size 1024K, 36 young (36864K), 3 survivors (3072K)
 Metaspace       used 122047K, committed 122816K, reserved 1163264K
  class space    used 16359K, committed 16768K, reserved 1048576K
}
Event: 39.084 GC heap after
{Heap after GC invocations=44 (full 0):
 garbage-first heap   total 423936K, used 237209K [0x0000000080000000, 0x0000000100000000)
  region size 1024K, 3 young (3072K), 3 survivors (3072K)
 Metaspace       used 122047K, committed 122816K, reserved 1163264K
  class space    used 16359K, committed 16768K, reserved 1048576K
}

